This file contains any messages produced by compilers while
running configure, to aid debugging if configure makes a mistake.

It was created by configure, which was
generated by GNU Autoconf 2.71.  Invocation command line was

  $ ./configure

## --------- ##
## Platform. ##
## --------- ##

hostname = DESKTOP-VUSU2BP
uname -m = x86_64
uname -r = 6.6.87.2-microsoft-standard-WSL2
uname -s = Linux
uname -v = #1 SMP PREEMPT_DYNAMIC Thu Jun  5 18:30:46 UTC 2025

/usr/bin/uname -p = x86_64
/bin/uname -X     = unknown

/bin/arch              = x86_64
/usr/bin/arch -k       = unknown
/usr/convex/getsysinfo = unknown
/usr/bin/hostinfo      = unknown
/bin/machine           = unknown
/usr/bin/oslevel       = unknown
/bin/universe          = unknown

PATH: /home/opp_env/default_workspace/omnetpp-6.0.2/bin/
PATH: /nix/store/qclpm14slspavf2zzj9kzq8c9dn2cm0g-lndir-1.0.4/bin/
PATH: /nix/store/ywwjpdyhar4f3vcqf4qk77vrbr3vj5wl-patchelf-0.15.0/bin/
PATH: /nix/store/4pk431ywfvw0k926blzwncnp699z3vh5-clang-wrapper-11.1.0/bin/
PATH: /nix/store/a1bf9m79xr32a55idbbjbjpylp1xphag-clang-11.1.0/bin/
PATH: /nix/store/lyvhsvwp2pzy74fkcn7qbs5vcgy5d7vl-glibc-2.37-8-bin/bin/
PATH: /nix/store/ahkfdxq8mcpsb5kvdvgqr1wv8zjngbh4-coreutils-9.1/bin/
PATH: /nix/store/yhw6xjfl2x44nkhn1628nk2q2bgzhb8x-binutils-wrapper-2.40/bin/
PATH: /nix/store/22p5nv7fbxhm06mfkwwnibv1nsz06x4b-binutils-2.40/bin/
PATH: /nix/store/gsvxrriqkq5i8anzcd9ql7x7znhal5cd-compiler-rt-libc-11.1.0/bin/
PATH: /nix/store/6n2azvnmqs06wmqn8iii3qm47ddi1m5d-graphviz-7.1.0/bin/
PATH: /nix/store/xmi6zqnfbwm76wmq9d5sxyjj2m96y3xi-doxygen-1.9.6/bin/
PATH: /nix/store/aw4z09cvlpzz24znic2nq1lmfi467l3z-gtk+3-3.24.37-dev/bin/
PATH: /nix/store/sgd6wl38p3x76aspv91imb88jq04j9i5-expat-2.5.0-dev/bin/
PATH: /nix/store/4v792zhb70ljg6ssi5hsw97zwxbimm79-dbus-1.14.6-lib/bin/
PATH: /nix/store/w2rxmc5wqlw28r23rrsvl1qwxq3qlhra-dbus-1.14.6/bin/
PATH: /nix/store/zhl6wmjjsiclfyy69k37xpc1prswhjmw-glib-2.76.2-dev/bin/
PATH: /nix/store/pm2xahw7akyr54z9n9pp5w4fkpf56466-gettext-0.21/bin/
PATH: /nix/store/bsiz5yk7ixfky0hz43pwx858zr1bglvv-glib-2.76.2-bin/bin/
PATH: /nix/store/48lsy5szyc0mq39sk7qlk7bapknghqwg-cairo-1.16.0-dev/bin/
PATH: /nix/store/dzc1g33bjz113n6yvx1rbj234dc70nah-freetype-2.13.0-dev/bin/
PATH: /nix/store/hd573q7097cxj5q29pnc3z0rvakz7ga3-bzip2-1.0.8-bin/bin/
PATH: /nix/store/f15rvn9j4g93b2gd5jvhrszargl0j007-brotli-1.0.9/bin/
PATH: /nix/store/bw6xcpqzfw3n7zfz7g0cpqgx2y2lac9j-libpng-apng-1.6.39-dev/bin/
PATH: /nix/store/xccjsf5xxhsm0hna1wm7qlnhykx9n5rz-fontconfig-2.14.0-bin/bin/
PATH: /nix/store/y71fk27w95cczhlvs93a3bapf9fdh7gs-fribidi-1.0.12/bin/
PATH: /nix/store/w9cwjmrnqjfh809n7bj0w2pc3xhkxbfi-gdk-pixbuf-2.42.10-dev/bin/
PATH: /nix/store/x1w03r5qj2rjlpn0cpl1ps9pg7cjb9vn-libdeflate-1.18/bin/
PATH: /nix/store/8jqv1js4xfwrsgcyc3dylarkx321yfkz-libjpeg-turbo-2.1.5.1-bin/bin/
PATH: /nix/store/8xjzmhw6hgqmynb5f1v7aw2lvafij405-xz-5.4.3-bin/bin/
PATH: /nix/store/mjp2kyzs4bhwgldm1y3fw8c1lriwk2jh-libtiff-4.5.0-bin/bin/
PATH: /nix/store/qv30brqnidal8cnki4hl8bi8cjl26al8-gdk-pixbuf-2.42.10/bin/
PATH: /nix/store/1y5y02i5w5mv697vq147y18kzhrqdgmz-harfbuzz-7.2.0-dev/bin/
PATH: /nix/store/1ysv5sqfqc6ilp8zijq47ar7v4jis5pc-graphite2-1.3.14/bin/
PATH: /nix/store/g5dcv0gd6vmmma0c82dkwkqnnw29d4zk-pango-1.50.14-bin/bin/
PATH: /nix/store/607zvqgzbi8d5jqhhjypx4d7gbdvjgyf-wayland-1.22.0-bin/bin/
PATH: /nix/store/fkpn9k24knwgpy3z6h88p9cljzsw284f-cups-2.4.2-dev/bin/
PATH: /nix/store/i6ka87w3mxgf5qpk8adkhy5jf4irc0hk-cups-2.4.2/bin/
PATH: /nix/store/yr889rf8a6sbkfifcg8a7qrrgk5d9hx6-gtk+3-3.24.37/bin/
PATH: /nix/store/nnnmx8j8vdxbl5lg3ip3qdx2xliwdmbr-libsecret-0.20.5/bin/
PATH: /nix/store/g2szzm1q3k3lg6f6f3vay52y6w5vqify-libxml2-2.10.4-dev/bin/
PATH: /nix/store/m6gixc9p0kj1gv4qx2617p038mqfar4h-libxml2-2.10.4-bin/bin/
PATH: /nix/store/6rn1d70yqdhg4jkbqv217smiqvi2l8pi-webkitgtk-2.40.2+abi=4.0/bin/
PATH: /nix/store/7wkshj58fcsl1f3zyi67qsxgl1p8nki1-gcc-wrapper-12.2.0/bin/
PATH: /nix/store/dcd1zhv56rk0d2z7akzfjgzr076c4jl9-gcc-12.2.0/bin/
PATH: /nix/store/rbwalnmk5a6nj9mbldxzmj11gvacbrsi-binutils-wrapper-2.40/bin/
PATH: /nix/store/xlk9279wgnv407jzzg3fsvc3rynp1lh9-qtbase-5.15.9-dev/bin/
PATH: /nix/store/9lxd130pspzn6q8cyjb9q6bk2wl12hpz-libxslt-1.1.37-dev/bin/
PATH: /nix/store/8j99pdrnqq19ib1advps3g4l6ka4zdhs-libxslt-1.1.37-bin/bin/
PATH: /nix/store/126jncr3cfwdvqmzkx3296sibcpag3x8-openssl-3.0.8-bin/bin/
PATH: /nix/store/f4wgc8q8v3alsykqlbh8qhmih55as2fs-sqlite-3.41.2-bin/bin/
PATH: /nix/store/23v8n7kcs4cm8xs50da236kq8a910br5-icu4c-73.1-dev/bin/
PATH: /nix/store/7drlwrzxbfywicf7wy7rj5ij4h04z36x-pcre2-10.42-dev/bin/
PATH: /nix/store/ymmmfc0v4q13mga9d9nlygpih7cp9lhw-pcre2-10.42-bin/bin/
PATH: /nix/store/75wxj2a3c0pdbf46bzmff8qr9vbjm5y1-systemd-253.3/bin/
PATH: /nix/store/1j2y381sy5rjnkq38gab6dwisjh451x8-libdrm-2.4.115-bin/bin/
PATH: /nix/store/p82p6zkizrd4h798hr8k3wlnnnfczfxb-libxkbcommon-1.5.0/bin/
PATH: /nix/store/6mipbv5b60xl23i9jbvrbz85jp422afg-qtwayland-5.15.9-dev/bin/
PATH: /nix/store/3x9p6z0dk6qxk96pk4vz7sxvxi5my5bv-qtdeclarative-5.15.9-dev/bin/
PATH: /nix/store/0c1k4cc6gjipwbigm800g04rmiknfmbm-qtdeclarative-5.15.9-bin/bin/
PATH: /nix/store/xmsyn45fkfm4l1ss7nmf4kgvhym3wj5b-qtwayland-5.15.9-bin/bin/
PATH: /nix/store/n16nabimhjy763jkc96zqj89sz2ic6vb-llvm-binutils-wrapper-11.1.0/bin/
PATH: /nix/store/wb379nfc3dw9d99gsfh86mdisl0lc8cf-llvm-binutils-11.1.0/bin/
PATH: /nix/store/87ab06c2dssvdz7rxri45n4x8nv9699n-bison-3.8.2/bin/
PATH: /nix/store/kbzycpz94n9393qwy5lfkc77bn41phcl-gnum4-1.4.19/bin/
PATH: /nix/store/p3z1jjczsi0vgnv4icr2brlvs07c4z25-flex-2.6.4/bin/
PATH: /nix/store/5qg40449fx96jl4sq0mbgifdppxq4zap-perl-5.36.0/bin/
PATH: /nix/store/q5z5z4n7qw0dbsqaf6iwv52h1df8jbhi-which-2.21/bin/
PATH: /nix/store/b8dm94l34cx64h73ilsvz43qbfipg4xz-xdg-utils-unstable-2020-10-21/bin/
PATH: /nix/store/09jbh8y3jbq0gs47793rzn6i7yaabxmp-pkg-config-wrapper-0.29.2/bin/
PATH: /nix/store/25vnl62815nv94izkhsxgv8wcqfbkrwk-ccache-4.8/bin/
PATH: /nix/store/hwi0dagnrk40si4xs9rn0bxg6l4kfik8-gnumake-4.2.1/bin/
PATH: /nix/store/c3y28757j0s27aaa0j8w37q0xl6m35zm-vim-9.0.1441/bin/
PATH: /nix/store/95cxzy2hpizr23343b8bskl4yacf4b3l-python3-3.10.11/bin/
PATH: /nix/store/2gr9j2z98fdq86jgb5z6pw9sbq7ig9j0-gdb-13.1/bin/
PATH: /nix/store/v7h09nqghq11903zdrxkqwmsvx5vfcw4-python3.10-numpy-1.24.2/bin/
PATH: /nix/store/i79086jhyj6h19fyfwd4maibmi2mli8p-python3.10-fonttools-4.38.0/bin/
PATH: /nix/store/cbfv2m931acimw19136qyf1g7gr3x47q-python3.10-PyQt5-5.15.9/bin/
PATH: /nix/store/kbcrs84s1x8yd5bp1nq6q6ihda8nd2lp-bash-interactive-5.2-p15/bin/
PATH: /nix/store/k7qp1vyrr1mcggb6pc3h8m9fwvhfn58q-git-with-svn-2.40.1/bin/
PATH: /nix/store/s1xnsm86dy195fr4i4n984ivakrvjv9d-openssh-9.3p1/bin/
PATH: /nix/store/nkfn58xv8nzp0r67izyhhmsr39v8ksjh-curl-8.0.1-dev/bin/
PATH: /nix/store/m9vssg00klfyyffi6qnvk0hgkd714vad-libkrb5-1.20.1-dev/bin/
PATH: /nix/store/4k4zg4jjg0icwv530vl9ick22r887d9m-libkrb5-1.20.1/bin/
PATH: /nix/store/va385h5vli8jwpi534drdxnb0ilwlzwf-nghttp2-1.51.0-bin/bin/
PATH: /nix/store/xasyqgjm54pq8w2d520smdsgfr3fdmpg-libidn2-2.3.4-bin/bin/
PATH: /nix/store/7b2kg5i0fs4fsw6cp3r94gdndizirga9-zstd-1.5.5-bin/bin/
PATH: /nix/store/hw1z8z2dshq759cgxggvn6dg3h8bdlcn-zstd-1.5.5/bin/
PATH: /nix/store/0xyi7w3cm3g7gzwfpwqzx0n7xks2sdc6-curl-8.0.1-bin/bin/
PATH: /nix/store/hdbb5ayyrz1b5hicbsb4am8vin0xxxg6-gzip-1.12/bin/
PATH: /nix/store/gy82r5cf12hgkmhzifsyx3fp6cnf6j2l-gnused-4.9/bin/
PATH: /nix/store/czy796d2241296bdy45w87cmaiig50zr-gnutar-1.34/bin/
PATH: /nix/store/4qrbfa42xyicny7vlgbbqxz07kcsjbx2-findutils-4.9.0/bin/
PATH: /nix/store/ahkfdxq8mcpsb5kvdvgqr1wv8zjngbh4-coreutils-9.1/bin/
PATH: /nix/store/4qrbfa42xyicny7vlgbbqxz07kcsjbx2-findutils-4.9.0/bin/
PATH: /nix/store/6bcqajyagcc4s3azx0zqnb3rqxd7gdnv-diffutils-3.9/bin/
PATH: /nix/store/gy82r5cf12hgkmhzifsyx3fp6cnf6j2l-gnused-4.9/bin/
PATH: /nix/store/zrls4w5lxynqakh1jlrp03kg4bxzp9yi-gnugrep-3.7/bin/
PATH: /nix/store/s3yl3l8na93v53k2cfsyz0jrb50bnk8n-gawk-5.2.1/bin/
PATH: /nix/store/czy796d2241296bdy45w87cmaiig50zr-gnutar-1.34/bin/
PATH: /nix/store/hdbb5ayyrz1b5hicbsb4am8vin0xxxg6-gzip-1.12/bin/
PATH: /nix/store/hd573q7097cxj5q29pnc3z0rvakz7ga3-bzip2-1.0.8-bin/bin/
PATH: /nix/store/nnis9ph3wj866bbs0lalbf22i5bq8yry-gnumake-4.4.1/bin/
PATH: /nix/store/rhvbjmcfnkg8i2dxpzr114cp1ws7f667-bash-5.2-p15/bin/
PATH: /nix/store/x4ckkjsxfl4ihl82v0bzsyxs4ay2d5b5-patch-2.7.6/bin/
PATH: /nix/store/8xjzmhw6hgqmynb5f1v7aw2lvafij405-xz-5.4.3-bin/bin/
PATH: /nix/store/lcjsmsxqwd4vkq2wj5mmbyjzny3i6k49-file-5.44/bin/
PATH: /home/opp_env/.nix-profile/bin/
PATH: /home/opp_env/.local/bin/
PATH: /home/opp_env/.venv/bin/
PATH: /usr/local/sbin/
PATH: /usr/local/bin/
PATH: /usr/sbin/
PATH: /usr/bin/
PATH: /sbin/
PATH: /bin/
PATH: /usr/games/
PATH: /usr/local/games/
PATH: /usr/lib/wsl/lib/


## ----------- ##
## Core tests. ##
## ----------- ##

configure:2530: looking for aux files: config.guess config.sub
configure:2543:  trying ./src/utils/
configure:2572:   ./src/utils/config.guess found
configure:2572:   ./src/utils/config.sub found
configure:2702: Environment variables (PATH and PYTHONPATH) are correctly set.
configure:2718: Reading configure.user for your custom settings.
configure:2744: checking build system type
configure:2759: result: x86_64-pc-linux-gnu
configure:2779: checking host system type
configure:2793: result: x86_64-pc-linux-gnu
configure:3033: checking for C compiler version
configure:3042: clang --version >&5
clang version 11.1.0
Target: x86_64-unknown-linux-gnu
Thread model: posix
InstalledDir: /nix/store/a1bf9m79xr32a55idbbjbjpylp1xphag-clang-11.1.0/bin
configure:3053: $? = 0
configure:3042: clang -v >&5
clang version 11.1.0
Target: x86_64-unknown-linux-gnu
Thread model: posix
InstalledDir: /nix/store/a1bf9m79xr32a55idbbjbjpylp1xphag-clang-11.1.0/bin
Found candidate GCC installation: /usr/lib/gcc/x86_64-linux-gnu/13
Selected GCC installation: /usr/lib/gcc/x86_64-linux-gnu/13
Candidate multilib: .;@m64
Selected multilib: .;@m64
configure:3053: $? = 0
configure:3042: clang -V >&5
clang-11: error: unsupported option '-V -B/nix/store/yaz7pyf0ah88g2v505l38n0f3wg2vzdj-glibc-2.37-8/lib/'
clang-11: error: no input files
configure:3053: $? = 1
configure:3042: clang -qversion >&5
clang-11: error: unknown argument '-qversion'; did you mean '--version'?
clang-11: error: no input files
configure:3053: $? = 1
configure:3042: clang -version >&5
clang-11: error: unknown argument '-version'; did you mean '--version'?
clang-11: error: no input files
configure:3053: $? = 1
configure:3073: checking whether the C compiler works
configure:3095: clang    conftest.c  >&5
configure:3099: $? = 0
configure:3149: result: yes
configure:3152: checking for C compiler default output file name
configure:3154: result: a.out
configure:3160: checking for suffix of executables
configure:3167: clang -o conftest    conftest.c  >&5
configure:3171: $? = 0
configure:3194: result: 
configure:3216: checking whether we are cross compiling
configure:3224: clang -o conftest    conftest.c  >&5
configure:3228: $? = 0
configure:3235: ./conftest
configure:3239: $? = 0
configure:3254: result: no
configure:3259: checking for suffix of object files
configure:3282: clang -c   conftest.c >&5
configure:3286: $? = 0
configure:3308: result: o
configure:3312: checking whether the compiler supports GNU C
configure:3332: clang -c   conftest.c >&5
configure:3332: $? = 0
configure:3342: result: yes
configure:3353: checking whether clang accepts -g
configure:3374: clang -c -g  conftest.c >&5
configure:3374: $? = 0
configure:3418: result: yes
configure:3438: checking for clang option to enable C11 features
configure:3453: clang  -c   conftest.c >&5
configure:3453: $? = 0
configure:3471: result: none needed
configure:3709: checking for C++ compiler version
configure:3718: clang++ --version >&5
clang version 11.1.0
Target: x86_64-unknown-linux-gnu
Thread model: posix
InstalledDir: /nix/store/a1bf9m79xr32a55idbbjbjpylp1xphag-clang-11.1.0/bin
configure:3729: $? = 0
configure:3718: clang++ -v >&5
clang version 11.1.0
Target: x86_64-unknown-linux-gnu
Thread model: posix
InstalledDir: /nix/store/a1bf9m79xr32a55idbbjbjpylp1xphag-clang-11.1.0/bin
Found candidate GCC installation: /usr/lib/gcc/x86_64-linux-gnu/13
Selected GCC installation: /usr/lib/gcc/x86_64-linux-gnu/13
Candidate multilib: .;@m64
Selected multilib: .;@m64
configure:3729: $? = 0
configure:3718: clang++ -V >&5
clang-11: error: unsupported option '-V -B/nix/store/yaz7pyf0ah88g2v505l38n0f3wg2vzdj-glibc-2.37-8/lib/'
clang-11: error: no input files
configure:3729: $? = 1
configure:3718: clang++ -qversion >&5
clang-11: error: unknown argument '-qversion'; did you mean '--version'?
clang-11: error: no input files
configure:3729: $? = 1
configure:3733: checking whether the compiler supports GNU C++
configure:3753: clang++ -c   conftest.cpp >&5
configure:3753: $? = 0
configure:3763: result: yes
configure:3774: checking whether clang++ accepts -g
configure:3795: clang++ -c -g  conftest.cpp >&5
configure:3795: $? = 0
configure:3839: result: yes
configure:3859: checking for clang++ option to enable C++11 features
configure:3874: clang++  -c   conftest.cpp >&5
conftest.cpp:175:25: warning: empty parentheses interpreted as a function declaration [-Wvexing-parse]
  cxx11test::delegate d2();
                        ^~
conftest.cpp:175:25: note: remove parentheses to declare a variable
  cxx11test::delegate d2();
                        ^~
1 warning generated.
configure:3874: $? = 0
configure:3892: result: none needed
configure:3959: checking for clang++
configure:3980: found /nix/store/4pk431ywfvw0k926blzwncnp699z3vh5-clang-wrapper-11.1.0/bin/clang++
configure:3992: result: clang++
configure:4009: checking for c++14 support
configure:4026: clang++ -c   conftest.cpp >&5
configure:4026: $? = 0
configure:4028: result: yes
configure:4147: checking for ranlib
configure:4179: result: ranlib
configure:4298: checking whether LLD linker is available
configure:4313: clang++ -o conftest    -fuse-ld=lld conftest.cpp  >&5
configure:4313: $? = 0
configure:4315: result: yes
configure:4341: checking whether clang++ supports -fno-omit-frame-pointer
configure:4356: clang++ -fno-omit-frame-pointer -o conftest    -fuse-ld=lld conftest.cpp  >&5
configure:4356: $? = 0
configure:4359: result: yes
configure:4380: checking whether clang++ supports -glldb
configure:4395: clang++ -glldb -o conftest    -fuse-ld=lld conftest.cpp  >&5
configure:4395: $? = 0
configure:4398: result: yes
configure:4452: checking whether clang++ supports -fstandalone-debug
configure:4467: clang++ -fstandalone-debug -o conftest    -fuse-ld=lld conftest.cpp  >&5
configure:4467: $? = 0
configure:4470: result: yes
configure:4530: checking whether clang++ supports -Wl,--no-as-needed
configure:4545: clang++ -Wl,--no-as-needed -o conftest    -fuse-ld=lld conftest.cpp  >&5
configure:4545: $? = 0
configure:4548: result: yes
configure:4566: checking whether clang++ supports -Wl,--as-needed
configure:4581: clang++ -Wl,--as-needed -o conftest    -fuse-ld=lld conftest.cpp  >&5
configure:4581: $? = 0
configure:4584: result: yes
configure:4612: checking for swapcontext
configure:4612: clang++ -o conftest    -fuse-ld=lld conftest.cpp  >&5
configure:4612: $? = 0
configure:4612: result: yes
configure:4629: checking if shared libs need -fPIC
configure:4652: result: yes
configure:4703: checking for dlopen with CFLAGS="" LIBS=""
configure:4717: clang++ -o conftest    -fuse-ld=lld conftest.cpp  >&5
configure:4717: $? = 0
configure:4719: result: yes
configure:4733: checking if --export-dynamic linker option is supported/needed
configure:4759: result: both
configure:4800: checking for flags needed to link with static libs containing simple modules
configure:4829: result: --whole-archive
configure:4831: NOTE: Use the following syntax when linking with static libraries
configure:4833: containing simple modules and other dynamically registered components:
configure:4835:    clang++ ... -Wl,--whole-archive <libs> -Wl,--no-whole-archive ...
configure:4917: checking whether linker supports -rpath
configure:4932: clang++ -o conftest    -fuse-ld=lld -Wl,-rpath,$(OMNETPP_LIB_DIR) -Wl,-rpath,$(OMNETPP_TOOLS_DIR)/lib -Wl,-rpath,. conftest.cpp  >&5
configure:4932: $? = 0
configure:4934: result: yes
configure:4952: checking for bison
configure:4973: found /nix/store/87ab06c2dssvdz7rxri45n4x8nv9699n-bison-3.8.2/bin/bison
configure:4984: result: bison -y
configure:5010: checking for flex
configure:5031: found /nix/store/p3z1jjczsi0vgnv4icr2brlvs07c4z25-flex-2.6.4/bin/flex
configure:5042: result: flex
configure:5091: checking for lex output file root
configure:5104: flex conftest.l
configure:5108: $? = 0
configure:5116: result: lex.yy
configure:5131: checking for lex library
configure:5156: clang++ -o conftest    -fuse-ld=lld -Wl,-rpath,$(OMNETPP_LIB_DIR) -Wl,-rpath,$(OMNETPP_TOOLS_DIR)/lib -Wl,-rpath,. conftest.cpp  >&5
configure:5156: $? = 0
configure:5169: result: none needed
configure:5189: checking whether yytext is a pointer
configure:5205: clang++ -c   conftest.cpp >&5
configure:5205: $? = 0
configure:5212: result: yes
configure:5235: checking for make
configure:5256: found /nix/store/hwi0dagnrk40si4xs9rn0bxg6l4kfik8-gnumake-4.2.1/bin/make
configure:5268: result: make
configure:5289: checking for perl
configure:5310: found /nix/store/5qg40449fx96jl4sq0mbgifdppxq4zap-perl-5.36.0/bin/perl
configure:5322: result: perl
configure:5339: checking for swig
configure:5372: result: not found
configure:5389: checking for python3
configure:5410: found /nix/store/95cxzy2hpizr23343b8bskl4yacf4b3l-python3-3.10.11/bin/python3
configure:5422: result: python3
configure:5434: checking if all necessary Python modules are available
configure:5480: result: yes
configure:5515: checking for math with CFLAGS=" -fPIC" LIBS=""
configure:5529: clang++ -o conftest  -fPIC   -fuse-ld=lld -Wl,-rpath,$(OMNETPP_LIB_DIR) -Wl,-rpath,$(OMNETPP_TOOLS_DIR)/lib -Wl,-rpath,. conftest.cpp  >&5
configure:5529: $? = 0
configure:5531: result: yes
configure:5592: checking for standard C++ lib with CFLAGS=" -fPIC" LIBS="-lstdc++"
configure:5606: clang++ -o conftest  -fPIC   -fuse-ld=lld -Wl,-rpath,$(OMNETPP_LIB_DIR) -Wl,-rpath,$(OMNETPP_TOOLS_DIR)/lib -Wl,-rpath,. conftest.cpp -lstdc++ >&5
configure:5606: $? = 0
configure:5608: result: yes
configure:5709: checking for dlopen with CFLAGS=" -fPIC" LIBS=""
configure:5723: clang++ -o conftest  -fPIC   -fuse-ld=lld -Wl,-rpath,$(OMNETPP_LIB_DIR) -Wl,-rpath,$(OMNETPP_TOOLS_DIR)/lib -Wl,-rpath,. conftest.cpp  >&5
configure:5723: $? = 0
configure:5725: result: yes
configure:5854: checking for moc-qt5
configure:5892: result: no
configure:5854: checking for moc5
configure:5892: result: no
configure:5854: checking for moc
configure:5877: found /nix/store/xlk9279wgnv407jzzg3fsvc3rynp1lh9-qtbase-5.15.9-dev/bin/moc
configure:5889: result: /nix/store/xlk9279wgnv407jzzg3fsvc3rynp1lh9-qtbase-5.15.9-dev/bin/moc
configure:5905: checking for uic-qt5
configure:5943: result: no
configure:5905: checking for uic5
configure:5943: result: no
configure:5905: checking for uic
configure:5928: found /nix/store/xlk9279wgnv407jzzg3fsvc3rynp1lh9-qtbase-5.15.9-dev/bin/uic
configure:5940: result: /nix/store/xlk9279wgnv407jzzg3fsvc3rynp1lh9-qtbase-5.15.9-dev/bin/uic
configure:5956: checking for rcc-qt5
configure:5994: result: no
configure:5956: checking for rcc5
configure:5994: result: no
configure:5956: checking for rcc
configure:5979: found /nix/store/xlk9279wgnv407jzzg3fsvc3rynp1lh9-qtbase-5.15.9-dev/bin/rcc
configure:5991: result: /nix/store/xlk9279wgnv407jzzg3fsvc3rynp1lh9-qtbase-5.15.9-dev/bin/rcc
configure:6028: checking for Qt5 with CFLAGS="  -fPIC -I /nix/store/xlk9279wgnv407jzzg3fsvc3rynp1lh9-qtbase-5.15.9-dev/include  -fPIC -I /nix/store/xlk9279wgnv407jzzg3fsvc3rynp1lh9-qtbase-5.15.9-dev/include" LIBS="-lQt5Gui -lQt5Core -lQt5Widgets -lQt5PrintSupport -lQt5OpenGL -L/nix/store/xlk9279wgnv407jzzg3fsvc3rynp1lh9-qtbase-5.15.9-dev/lib"
configure:6042: clang++ -o conftest   -fPIC -I /nix/store/xlk9279wgnv407jzzg3fsvc3rynp1lh9-qtbase-5.15.9-dev/include   -fuse-ld=lld -Wl,-rpath,$(OMNETPP_LIB_DIR) -Wl,-rpath,$(OMNETPP_TOOLS_DIR)/lib -Wl,-rpath,. conftest.cpp -lQt5Gui -lQt5Core -lQt5Widgets -lQt5PrintSupport -lQt5OpenGL -L/nix/store/xlk9279wgnv407jzzg3fsvc3rynp1lh9-qtbase-5.15.9-dev/lib >&5
conftest.cpp:18:11: warning: extra tokens at end of #endif directive [-Wextra-tokens]
    #endif;
          ^
          //
conftest.cpp:15:5: warning: ignoring return value of function declared with const attribute [-Wunused-value]
    qVersion();
    ^~~~~~~~
2 warnings generated.
configure:6042: $? = 0
configure:6044: result: yes
configure:6265: checking for clang++ option to support OpenMP
configure:6287: clang++ -c    conftest.cpp >&5
conftest.cpp:13:2: error: "OpenMP not supported"
#error "OpenMP not supported"
 ^
conftest.cpp:15:10: fatal error: 'omp.h' file not found
#include <omp.h>
         ^~~~~~~
2 errors generated.
configure:6287: $? = 1
configure: failed program was:
| /* confdefs.h */
| #define PACKAGE_NAME ""
| #define PACKAGE_TARNAME ""
| #define PACKAGE_VERSION ""
| #define PACKAGE_STRING ""
| #define PACKAGE_BUGREPORT ""
| #define PACKAGE_URL ""
| #define HAVE_SWAPCONTEXT 1
| #define YYTEXT_POINTER 1
| /* end confdefs.h.  */
| 
| #ifndef _OPENMP
| #error "OpenMP not supported"
| #endif
| #include <omp.h>
| int main (void) { return omp_get_num_threads (); }
| 
configure:6287: clang++ -c  -fopenmp  conftest.cpp >&5
conftest.cpp:15:10: fatal error: 'omp.h' file not found
#include <omp.h>
         ^~~~~~~
1 error generated.
configure:6287: $? = 1
configure: failed program was:
| /* confdefs.h */
| #define PACKAGE_NAME ""
| #define PACKAGE_TARNAME ""
| #define PACKAGE_VERSION ""
| #define PACKAGE_STRING ""
| #define PACKAGE_BUGREPORT ""
| #define PACKAGE_URL ""
| #define HAVE_SWAPCONTEXT 1
| #define YYTEXT_POINTER 1
| /* end confdefs.h.  */
| 
| #ifndef _OPENMP
| #error "OpenMP not supported"
| #endif
| #include <omp.h>
| int main (void) { return omp_get_num_threads (); }
| 
configure:6287: clang++ -c  -xopenmp  conftest.cpp >&5
clang-11: error: language not recognized: 'openmp'
clang-11: warning: conftest.cpp: 'linker' input unused [-Wunused-command-line-argument]
configure:6287: $? = 1
configure: failed program was:
| /* confdefs.h */
| #define PACKAGE_NAME ""
| #define PACKAGE_TARNAME ""
| #define PACKAGE_VERSION ""
| #define PACKAGE_STRING ""
| #define PACKAGE_BUGREPORT ""
| #define PACKAGE_URL ""
| #define HAVE_SWAPCONTEXT 1
| #define YYTEXT_POINTER 1
| /* end confdefs.h.  */
| 
| #ifndef _OPENMP
| #error "OpenMP not supported"
| #endif
| #include <omp.h>
| int main (void) { return omp_get_num_threads (); }
| 
configure:6287: clang++ -c  -openmp  conftest.cpp >&5
conftest.cpp:13:2: error: "OpenMP not supported"
#error "OpenMP not supported"
 ^
conftest.cpp:15:10: fatal error: 'omp.h' file not found
#include <omp.h>
         ^~~~~~~
2 errors generated.
configure:6287: $? = 1
configure: failed program was:
| /* confdefs.h */
| #define PACKAGE_NAME ""
| #define PACKAGE_TARNAME ""
| #define PACKAGE_VERSION ""
| #define PACKAGE_STRING ""
| #define PACKAGE_BUGREPORT ""
| #define PACKAGE_URL ""
| #define HAVE_SWAPCONTEXT 1
| #define YYTEXT_POINTER 1
| /* end confdefs.h.  */
| 
| #ifndef _OPENMP
| #error "OpenMP not supported"
| #endif
| #include <omp.h>
| int main (void) { return omp_get_num_threads (); }
| 
configure:6287: clang++ -c  -mp  conftest.cpp >&5
clang-11: error: unknown argument: '-mp'
configure:6287: $? = 1
configure: failed program was:
| /* confdefs.h */
| #define PACKAGE_NAME ""
| #define PACKAGE_TARNAME ""
| #define PACKAGE_VERSION ""
| #define PACKAGE_STRING ""
| #define PACKAGE_BUGREPORT ""
| #define PACKAGE_URL ""
| #define HAVE_SWAPCONTEXT 1
| #define YYTEXT_POINTER 1
| /* end confdefs.h.  */
| 
| #ifndef _OPENMP
| #error "OpenMP not supported"
| #endif
| #include <omp.h>
| int main (void) { return omp_get_num_threads (); }
| 
configure:6287: clang++ -c  -omp  conftest.cpp >&5
conftest.cpp:13:2: error: "OpenMP not supported"
#error "OpenMP not supported"
 ^
conftest.cpp:15:10: fatal error: 'omp.h' file not found
#include <omp.h>
         ^~~~~~~
2 errors generated.
configure:6287: $? = 1
configure: failed program was:
| /* confdefs.h */
| #define PACKAGE_NAME ""
| #define PACKAGE_TARNAME ""
| #define PACKAGE_VERSION ""
| #define PACKAGE_STRING ""
| #define PACKAGE_BUGREPORT ""
| #define PACKAGE_URL ""
| #define HAVE_SWAPCONTEXT 1
| #define YYTEXT_POINTER 1
| /* end confdefs.h.  */
| 
| #ifndef _OPENMP
| #error "OpenMP not supported"
| #endif
| #include <omp.h>
| int main (void) { return omp_get_num_threads (); }
| 
configure:6287: clang++ -c  -qsmp=omp  conftest.cpp >&5
clang-11: error: unknown argument: '-qsmp=omp'
configure:6287: $? = 1
configure: failed program was:
| /* confdefs.h */
| #define PACKAGE_NAME ""
| #define PACKAGE_TARNAME ""
| #define PACKAGE_VERSION ""
| #define PACKAGE_STRING ""
| #define PACKAGE_BUGREPORT ""
| #define PACKAGE_URL ""
| #define HAVE_SWAPCONTEXT 1
| #define YYTEXT_POINTER 1
| /* end confdefs.h.  */
| 
| #ifndef _OPENMP
| #error "OpenMP not supported"
| #endif
| #include <omp.h>
| int main (void) { return omp_get_num_threads (); }
| 
configure:6287: clang++ -c  -homp  conftest.cpp >&5
clang-11: error: unknown argument: '-homp'
configure:6287: $? = 1
configure: failed program was:
| /* confdefs.h */
| #define PACKAGE_NAME ""
| #define PACKAGE_TARNAME ""
| #define PACKAGE_VERSION ""
| #define PACKAGE_STRING ""
| #define PACKAGE_BUGREPORT ""
| #define PACKAGE_URL ""
| #define HAVE_SWAPCONTEXT 1
| #define YYTEXT_POINTER 1
| /* end confdefs.h.  */
| 
| #ifndef _OPENMP
| #error "OpenMP not supported"
| #endif
| #include <omp.h>
| int main (void) { return omp_get_num_threads (); }
| 
configure:6287: clang++ -c  -Popenmp  conftest.cpp >&5
clang-11: error: unknown argument '-Popenmp'; did you mean '-fopenmp'?
configure:6287: $? = 1
configure: failed program was:
| /* confdefs.h */
| #define PACKAGE_NAME ""
| #define PACKAGE_TARNAME ""
| #define PACKAGE_VERSION ""
| #define PACKAGE_STRING ""
| #define PACKAGE_BUGREPORT ""
| #define PACKAGE_URL ""
| #define HAVE_SWAPCONTEXT 1
| #define YYTEXT_POINTER 1
| /* end confdefs.h.  */
| 
| #ifndef _OPENMP
| #error "OpenMP not supported"
| #endif
| #include <omp.h>
| int main (void) { return omp_get_num_threads (); }
| 
configure:6287: clang++ -c  --openmp  conftest.cpp >&5
clang-11: error: unsupported option '--openmp'; did you mean '-fopenmp'?
configure:6287: $? = 1
configure: failed program was:
| /* confdefs.h */
| #define PACKAGE_NAME ""
| #define PACKAGE_TARNAME ""
| #define PACKAGE_VERSION ""
| #define PACKAGE_STRING ""
| #define PACKAGE_BUGREPORT ""
| #define PACKAGE_URL ""
| #define HAVE_SWAPCONTEXT 1
| #define YYTEXT_POINTER 1
| /* end confdefs.h.  */
| 
| #ifndef _OPENMP
| #error "OpenMP not supported"
| #endif
| #include <omp.h>
| int main (void) { return omp_get_num_threads (); }
| 
configure:6322: result: unsupported
configure:6344: checking for MPI with CFLAGS=" -fPIC " LIBS=" -fuse-ld=lld -Wl,-rpath,$(OMNETPP_LIB_DIR) -Wl,-rpath,$(OMNETPP_TOOLS_DIR)/lib -Wl,-rpath,. -ldisabled"
configure:6358: clang++ -o conftest  -fPIC    -fuse-ld=lld -Wl,-rpath,$(OMNETPP_LIB_DIR) -Wl,-rpath,$(OMNETPP_TOOLS_DIR)/lib -Wl,-rpath,. conftest.cpp  -fuse-ld=lld -Wl,-rpath,$(OMNETPP_LIB_DIR) -Wl,-rpath,$(OMNETPP_TOOLS_DIR)/lib -Wl,-rpath,. -ldisabled >&5
conftest.cpp:11:10: fatal error: 'mpi.h' file not found
#include <mpi.h>
         ^~~~~~~
1 error generated.
configure:6358: $? = 1
configure: failed program was:
| /* confdefs.h */
| #define PACKAGE_NAME ""
| #define PACKAGE_TARNAME ""
| #define PACKAGE_VERSION ""
| #define PACKAGE_STRING ""
| #define PACKAGE_BUGREPORT ""
| #define PACKAGE_URL ""
| #define HAVE_SWAPCONTEXT 1
| #define YYTEXT_POINTER 1
| /* end confdefs.h.  */
| #include <mpi.h>
| int
| main (void)
| {
| MPI_Init(0,0);
|   ;
|   return 0;
| }
configure:6363: result: no
configure:6594: WARNING: Optional package MPI (needed for parallel simulation) not found.
configure:6650: checking for PTHREAD with CFLAGS=" -fPIC " LIBS="-lpthread"
configure:6664: clang++ -o conftest  -fPIC    -fuse-ld=lld -Wl,-rpath,$(OMNETPP_LIB_DIR) -Wl,-rpath,$(OMNETPP_TOOLS_DIR)/lib -Wl,-rpath,. conftest.cpp -lpthread >&5
conftest.cpp:15:24: warning: null passed to a callee that requires a non-null argument [-Wnonnull]
pthread_rwlock_rdlock(0);
                      ~^
1 warning generated.
configure:6664: $? = 0
configure:6666: result: yes
configure:6739: checking for LibXML XML parser with CFLAGS=" -fPIC " LIBS="-lxml2"
configure:6753: clang++ -o conftest  -fPIC    -fuse-ld=lld -Wl,-rpath,$(OMNETPP_LIB_DIR) -Wl,-rpath,$(OMNETPP_TOOLS_DIR)/lib -Wl,-rpath,. conftest.cpp -lxml2 >&5
configure:6753: $? = 0
configure:6755: result: yes
configure:6922: Found LibXML
configure:6940: checking for zlib with CFLAGS=" -fPIC " LIBS="-lz"
configure:6954: clang++ -o conftest  -fPIC    -fuse-ld=lld -Wl,-rpath,$(OMNETPP_LIB_DIR) -Wl,-rpath,$(OMNETPP_TOOLS_DIR)/lib -Wl,-rpath,. conftest.cpp -lz >&5
configure:6954: $? = 0
configure:6956: result: yes
configure:7410: creating ./config.status

## ---------------------- ##
## Running config.status. ##
## ---------------------- ##

This file was extended by config.status, which was
generated by GNU Autoconf 2.71.  Invocation command line was

  CONFIG_FILES    = 
  CONFIG_HEADERS  = 
  CONFIG_LINKS    = 
  CONFIG_COMMANDS = 
  $ ./config.status 

on DESKTOP-VUSU2BP

config.status:818: creating Makefile.inc
config.status:818: creating src/qtenv/qtenv.pri

## ---------------- ##
## Cache variables. ##
## ---------------- ##

ac_cv_build=x86_64-pc-linux-gnu
ac_cv_c_compiler_gnu=yes
ac_cv_cxx_compiler_gnu=yes
ac_cv_env_CCC_set=
ac_cv_env_CCC_value=
ac_cv_env_CC_set=set
ac_cv_env_CC_value=clang
ac_cv_env_CFLAGS_set=
ac_cv_env_CFLAGS_value=
ac_cv_env_CPPFLAGS_set=
ac_cv_env_CPPFLAGS_value=
ac_cv_env_CXXFLAGS_set=
ac_cv_env_CXXFLAGS_value=
ac_cv_env_CXX_set=set
ac_cv_env_CXX_value=clang++
ac_cv_env_LDFLAGS_set=
ac_cv_env_LDFLAGS_value=
ac_cv_env_LIBS_set=
ac_cv_env_LIBS_value=
ac_cv_env_PERL_set=
ac_cv_env_PERL_value=
ac_cv_env_PYTHON3_set=
ac_cv_env_PYTHON3_value=
ac_cv_env_SWIG_set=
ac_cv_env_SWIG_value=
ac_cv_env_YACC_set=
ac_cv_env_YACC_value=
ac_cv_env_YFLAGS_set=
ac_cv_env_YFLAGS_value=
ac_cv_env_build_alias_set=
ac_cv_env_build_alias_value=
ac_cv_env_host_alias_set=
ac_cv_env_host_alias_value=
ac_cv_env_target_alias_set=
ac_cv_env_target_alias_value=
ac_cv_func_swapcontext=yes
ac_cv_host=x86_64-pc-linux-gnu
ac_cv_lib_lex='none needed'
ac_cv_objext=o
ac_cv_path_MOC=/nix/store/xlk9279wgnv407jzzg3fsvc3rynp1lh9-qtbase-5.15.9-dev/bin/moc
ac_cv_path_RCC=/nix/store/xlk9279wgnv407jzzg3fsvc3rynp1lh9-qtbase-5.15.9-dev/bin/rcc
ac_cv_path_UIC=/nix/store/xlk9279wgnv407jzzg3fsvc3rynp1lh9-qtbase-5.15.9-dev/bin/uic
ac_cv_prog_LEX=flex
ac_cv_prog_MAKE=make
ac_cv_prog_PERL=perl
ac_cv_prog_PYTHON3=python3
ac_cv_prog_SWIG='not found'
ac_cv_prog_YACC='bison -y'
ac_cv_prog_ac_ct_RANLIB=ranlib
ac_cv_prog_cc_c11=
ac_cv_prog_cc_g=yes
ac_cv_prog_cc_stdc=
ac_cv_prog_cxx_cxx11=
ac_cv_prog_cxx_g=yes
ac_cv_prog_cxx_openmp=unsupported
ac_cv_prog_cxx_stdcxx=
ac_cv_prog_lex_root=lex.yy
ac_cv_prog_lex_yytext_pointer=yes
ac_cv_prog_tmp_CXX=clang++

## ----------------- ##
## Output variables. ##
## ----------------- ##

AKAROA_CFLAGS=''
AKAROA_LIBS=''
ARCH='x86_64'
ARFLAG_OUT=''
AR_CR='ar cr'
AS='as'
AS_NEEDED_OFF='-Wl,--no-as-needed'
AS_NEEDED_ON='-Wl,--as-needed'
A_LIB_SUFFIX='.a'
CC='clang'
CCACHE=''
CFLAGS=' -MMD -MP -MF $@.d  -fPIC  -Wno-deprecated-register -Wno-unused-function -fno-omit-frame-pointer $(DEFINES)'
CFLAGS_DEBUG=' -O0 -Wall -glldb -fstandalone-debug'
CFLAGS_RELEASE=' -O3 -DNDEBUG=1 -ffp-contract=off'
CPPFLAGS=''
CXX='clang++'
CXXFLAGS=''
DEFINES=' -DHAVE_SWAPCONTEXT'
DEFS='-DPACKAGE_NAME=\"\" -DPACKAGE_TARNAME=\"\" -DPACKAGE_VERSION=\"\" -DPACKAGE_STRING=\"\" -DPACKAGE_BUGREPORT=\"\" -DPACKAGE_URL=\"\" -DHAVE_SWAPCONTEXT=1 -DYYTEXT_POINTER=1'
DLLTOOL='dlltool'
DLL_LIB_SUFFIX='.dll'
ECHO_C=''
ECHO_N='-n'
ECHO_T=''
EXEEXT=''
EXE_SUFFIX=''
HAVE_DLOPEN='1'
HAVE_SWAPCONTEXT=''
IMPDEF_SUFFIX='.def'
IMPLIB_SUFFIX='.dll.a'
JNI_LIB_SUFFIX='$(SHARED_LIB_SUFFIX)'
LDFLAGS=' -fuse-ld=lld -Wl,-rpath,$(OMNETPP_LIB_DIR) -Wl,-rpath,$(OMNETPP_TOOLS_DIR)/lib -Wl,-rpath,.  -Wl,--export-dynamic $(LDFLAG_LIBPATH)$(OMNETPP_LIB_DIR)'
LDFLAG_IMPDEF='-Wl,--output-def,'
LDFLAG_IMPLIB='-Wl,--out-implib,'
LDFLAG_INCLUDE='-Wl,-u,'
LDFLAG_LIB='-l'
LDFLAG_LIBPATH='-L'
LEX='flex'
LEXLIB=''
LEX_OUTPUT_ROOT='lex.yy'
LIBOBJS=''
LIBS=''
LIBXML_CFLAGS=''
LIBXML_LIBS='-lxml2'
LIB_PREFIX='lib'
LN='ln -f'
LTLIBOBJS=''
MAKE='make'
MKPATH='mkdir -p'
MOC='/nix/store/xlk9279wgnv407jzzg3fsvc3rynp1lh9-qtbase-5.15.9-dev/bin/moc'
MPICPP=''
MPICXX=''
MPI_CFLAGS=''
MPI_LIBS=''
MSGC='opp_msgc'
NEDTOOL='opp_nedtool'
OBJEXT='o'
OMNETPP_BUILDID='231006-7d5ca33dba'
OMNETPP_EDITION='Academic Public License -- NOT FOR COMMERCIAL USE'
OMNETPP_PRODUCT='OMNeT++'
OMNETPP_RELEASE='omnetpp-6.0.2'
OMNETPP_VERSION='6.0.2'
OPENMP_CXXFLAGS=''
OPENMP_FLAGS=''
OSGEARTH_CFLAGS=''
OSGEARTH_LIBS=''
OSG_CFLAGS=''
OSG_LIBS=''
PACKAGE_BUGREPORT=''
PACKAGE_NAME=''
PACKAGE_STRING=''
PACKAGE_TARNAME=''
PACKAGE_URL=''
PACKAGE_VERSION=''
PATH_SEPARATOR=':'
PERL='perl'
PIC_FLAGS='-fPIC'
PLATFORM='linux'
PREFER_SQLITE_RESULT_FILES='no'
PTHREAD_CFLAGS=''
PTHREAD_LIBS='-lpthread'
PYTHON3='python3'
QMAKE='/nix/store/xlk9279wgnv407jzzg3fsvc3rynp1lh9-qtbase-5.15.9-dev/bin/qmake'
QTENV_LDFLAGS='-Wl,-rpath,/nix/store/xlk9279wgnv407jzzg3fsvc3rynp1lh9-qtbase-5.15.9-dev/lib'
QT_CFLAGS='-I /nix/store/xlk9279wgnv407jzzg3fsvc3rynp1lh9-qtbase-5.15.9-dev/include'
QT_LIBS='-lQt5Gui -lQt5Core -lQt5Widgets -lQt5PrintSupport -lQt5OpenGL -L/nix/store/xlk9279wgnv407jzzg3fsvc3rynp1lh9-qtbase-5.15.9-dev/lib'
RANLIB='ranlib'
RCC='/nix/store/xlk9279wgnv407jzzg3fsvc3rynp1lh9-qtbase-5.15.9-dev/bin/rcc'
SANITIZE_FLAGS=' -fsanitize=leak,address,undefined'
SHARED_LIBS='yes'
SHARED_LIB_SUFFIX='$(SO_LIB_SUFFIX)'
SHELL='/nix/store/rhvbjmcfnkg8i2dxpzr114cp1ws7f667-bash-5.2-p15/bin/bash'
SHLIB_LD='clang++ -shared -fPIC'
SHLIB_POSTPROCESS='opp_shlib_postprocess'
SO_LIB_SUFFIX='.so'
STRIP='strip'
SWIG='not found'
SYS_LIBS='-lstdc++ '
TOOLCHAIN_NAME='clang'
UIC='/nix/store/xlk9279wgnv407jzzg3fsvc3rynp1lh9-qtbase-5.15.9-dev/bin/uic'
WHOLE_ARCHIVE_OFF='-Wl,--no-whole-archive'
WHOLE_ARCHIVE_ON='-Wl,--whole-archive'
WITH_AKAROA='no'
WITH_LIBXML='yes'
WITH_NETBUILDER='yes'
WITH_OSG='no'
WITH_OSGEARTH='no'
WITH_PARSIM='yes'
WITH_QTENV='yes'
WITH_SYSTEMC='no'
YACC='bison -y -Wno-yacc'
YFLAGS=''
ZLIB_CFLAGS=''
ZLIB_LIBS='-lz'
ac_ct_CC=''
ac_ct_CXX=''
bindir='${exec_prefix}/bin'
build='x86_64-pc-linux-gnu'
build_alias=''
build_cpu='x86_64'
build_os='linux-gnu'
build_vendor='pc'
datadir='${datarootdir}'
datarootdir='${prefix}/share'
docdir='${datarootdir}/doc/${PACKAGE}'
dvidir='${docdir}'
exec_prefix='${prefix}'
host='x86_64-pc-linux-gnu'
host_alias=''
host_cpu='x86_64'
host_os='linux-gnu'
host_vendor='pc'
htmldir='${docdir}'
includedir='${prefix}/include'
infodir='${datarootdir}/info'
libdir='${exec_prefix}/lib'
libexecdir='${exec_prefix}/libexec'
localedir='${datarootdir}/locale'
localstatedir='${prefix}/var'
mandir='${datarootdir}/man'
oldincludedir='/usr/include'
pdfdir='${docdir}'
prefix='/usr/local'
program_transform_name='s,x,x,'
psdir='${docdir}'
runstatedir='${localstatedir}/run'
sbindir='${exec_prefix}/sbin'
sharedstatedir='${prefix}/com'
sysconfdir='${prefix}/etc'
target_alias=''
tmp_CXX='clang++'

## ----------- ##
## confdefs.h. ##
## ----------- ##

/* confdefs.h */
#define PACKAGE_NAME ""
#define PACKAGE_TARNAME ""
#define PACKAGE_VERSION ""
#define PACKAGE_STRING ""
#define PACKAGE_BUGREPORT ""
#define PACKAGE_URL ""
#define HAVE_SWAPCONTEXT 1
#define YYTEXT_POINTER 1

configure: exit 0
