!SESSION 2025-10-28 21:08:45.372 -----------------------------------------------
eclipse.buildId=6.0.2.231006-7d5ca33dba
java.version=17.0.8.1
java.vendor=Eclipse Adoptium
BootLoader constants: OS=linux, ARCH=x86_64, WS=gtk, NL=en_US
Command-line arguments:  -os linux -ws gtk -arch x86_64

!ENTRY org.eclipse.osgi 4 0 2025-10-28 21:08:48.010
!MESSAGE Application error
!STACK 1
org.eclipse.swt.SWTError: No more handles [gtk_init_check() failed]
	at org.eclipse.swt.SWT.error(SWT.java:4944)
	at org.eclipse.swt.widgets.Display.createDisplay(Display.java:1199)
	at org.eclipse.swt.widgets.Display.create(Display.java:1123)
	at org.eclipse.swt.graphics.Device.<init>(Device.java:167)
	at org.eclipse.swt.widgets.Display.<init>(Display.java:632)
	at org.eclipse.swt.widgets.Display.<init>(Display.java:623)
	at org.eclipse.ui.internal.Workbench.createDisplay(Workbench.java:743)
	at org.eclipse.ui.PlatformUI.createDisplay(PlatformUI.java:183)
	at org.eclipse.ui.internal.ide.application.IDEApplication.createDisplay(IDEApplication.java:182)
	at org.eclipse.ui.internal.ide.application.IDEApplication.start(IDEApplication.java:125)
	at org.eclipse.equinox.internal.app.EclipseAppHandle.run(EclipseAppHandle.java:203)
	at org.eclipse.core.runtime.internal.adaptor.EclipseAppLauncher.runApplication(EclipseAppLauncher.java:136)
	at org.eclipse.core.runtime.internal.adaptor.EclipseAppLauncher.start(EclipseAppLauncher.java:104)
	at org.eclipse.core.runtime.adaptor.EclipseStarter.run(EclipseStarter.java:402)
	at org.eclipse.core.runtime.adaptor.EclipseStarter.run(EclipseStarter.java:255)
	at java.base/jdk.internal.reflect.NativeMethodAccessorImpl.invoke0(Native Method)
	at java.base/jdk.internal.reflect.NativeMethodAccessorImpl.invoke(Unknown Source)
	at java.base/jdk.internal.reflect.DelegatingMethodAccessorImpl.invoke(Unknown Source)
	at java.base/java.lang.reflect.Method.invoke(Unknown Source)
	at org.eclipse.equinox.launcher.Main.invokeFramework(Main.java:651)
	at org.eclipse.equinox.launcher.Main.basicRun(Main.java:588)
	at org.eclipse.equinox.launcher.Main.run(Main.java:1459)
	at org.eclipse.equinox.launcher.Main.main(Main.java:1432)
